<?xml version="1.0" encoding="UTF-8"?>
<!-- Generated by org.testng.reporters.JUnitReportReporter -->
<testsuite hostname="SONY" failures="0" tests="1" name="testCases.LogoVerificationTest" time="10.325" errors="0" timestamp="2024-09-01T19:38:46 IST" skipped="0">
  <testcase classname="testCases.LogoVerificationTest" name="testLogo" time="10.325"/>
</testsuite> <!-- testCases.LogoVerificationTest -->
